<?xml version="1.0" encoding="UTF-8"?>
<testng-results ignored="0" total="1" passed="1" failed="0" skipped="0">
  <reporter-output>
  </reporter-output>
  <suite started-at="2022-05-10T17:48:55 IST" name="Default suite" finished-at="2022-05-10T17:49:16 IST" duration-ms="21743">
    <groups>
    </groups>
    <test started-at="2022-05-10T17:48:55 IST" name="Default test" finished-at="2022-05-10T17:49:16 IST" duration-ms="21743">
      <class name="tests.Pages2Test">
        <test-method is-config="true" signature="setup()[pri:0, instance:tests.Pages2Test@c88a337]" started-at="2022-05-10T17:48:55 IST" name="setup" finished-at="2022-05-10T17:49:04 IST" duration-ms="8946" status="PASS">
          <reporter-output>
          </reporter-output>
        </test-method> <!-- setup -->
        <test-method signature="step_01()[pri:0, instance:tests.Pages2Test@c88a337]" started-at="2022-05-10T17:49:04 IST" name="step_01" finished-at="2022-05-10T17:49:15 IST" duration-ms="11886" status="PASS">
          <reporter-output>
          </reporter-output>
        </test-method> <!-- step_01 -->
        <test-method is-config="true" signature="close()[pri:0, instance:tests.Pages2Test@c88a337]" started-at="2022-05-10T17:49:16 IST" name="close" finished-at="2022-05-10T17:49:16 IST" duration-ms="856" status="PASS">
          <reporter-output>
          </reporter-output>
        </test-method> <!-- close -->
      </class> <!-- tests.Pages2Test -->
    </test> <!-- Default test -->
  </suite> <!-- Default suite -->
</testng-results>
